{"/Volumes/D/AI/salesforce-quiz-app/index.js": {"path":"/Volumes/D/AI/salesforce-quiz-app/index.js","statementMap":{"0":{"start":{"line":8,"column":0},"end":{"line":8,"column":27}}},"fnMap":{},"branchMap":{},"s":{"0":0},"f":{},"b":{}}
,"/Volumes/D/AI/salesforce-quiz-app/jest.config.js": {"path":"/Volumes/D/AI/salesforce-quiz-app/jest.config.js","statementMap":{"0":{"start":{"line":1,"column":0},"end":{"line":16,"column":1}}},"fnMap":{},"branchMap":{},"s":{"0":0},"f":{},"b":{}}
,"/Volumes/D/AI/salesforce-quiz-app/src/config/environment.js": {"path":"/Volumes/D/AI/salesforce-quiz-app/src/config/environment.js","statementMap":{"0":{"start":{"line":1,"column":12},"end":{"line":26,"column":1}},"1":{"start":{"line":28,"column":23},"end":{"line":32,"column":1}},"2":{"start":{"line":29,"column":2},"end":{"line":29,"column":30}},"3":{"start":{"line":29,"column":15},"end":{"line":29,"column":30}},"4":{"start":{"line":31,"column":2},"end":{"line":31,"column":18}},"5":{"start":{"line":34,"column":27},"end":{"line":34,"column":43}}},"fnMap":{"0":{"name":"(anonymous_0)","decl":{"start":{"line":28,"column":23},"end":{"line":28,"column":24}},"loc":{"start":{"line":28,"column":29},"end":{"line":32,"column":1}},"line":28}},"branchMap":{"0":{"loc":{"start":{"line":29,"column":2},"end":{"line":29,"column":30}},"type":"if","locations":[{"start":{"line":29,"column":2},"end":{"line":29,"column":30}},{"start":{},"end":{}}],"line":29}},"s":{"0":0,"1":0,"2":0,"3":0,"4":0,"5":0},"f":{"0":0},"b":{"0":[0,0]}}
,"/Volumes/D/AI/salesforce-quiz-app/src/constants/constants.js": {"path":"/Volumes/D/AI/salesforce-quiz-app/src/constants/constants.js","statementMap":{"0":{"start":{"line":1,"column":24},"end":{"line":1,"column":47}},"1":{"start":{"line":3,"column":31},"end":{"line":10,"column":1}},"2":{"start":{"line":12,"column":33},"end":{"line":16,"column":1}},"3":{"start":{"line":18,"column":26},"end":{"line":23,"column":1}},"4":{"start":{"line":25,"column":38},"end":{"line":25,"column":40}},"5":{"start":{"line":26,"column":31},"end":{"line":26,"column":33}},"6":{"start":{"line":28,"column":21},"end":{"line":47,"column":1}}},"fnMap":{},"branchMap":{},"s":{"0":0,"1":0,"2":0,"3":0,"4":0,"5":0,"6":0},"f":{},"b":{}}
,"/Volumes/D/AI/salesforce-quiz-app/src/data/quizData.js": {"path":"/Volumes/D/AI/salesforce-quiz-app/src/data/quizData.js","statementMap":{"0":{"start":{"line":3,"column":24},"end":{"line":87,"column":1}}},"fnMap":{},"branchMap":{},"s":{"0":0},"f":{},"b":{}}
,"/Volumes/D/AI/salesforce-quiz-app/src/utils/errorHandler.js": {"path":"/Volumes/D/AI/salesforce-quiz-app/src/utils/errorHandler.js","statementMap":{"0":{"start":{"line":5,"column":4},"end":{"line":5,"column":19}},"1":{"start":{"line":6,"column":4},"end":{"line":6,"column":21}},"2":{"start":{"line":7,"column":4},"end":{"line":7,"column":39}},"3":{"start":{"line":8,"column":4},"end":{"line":8,"column":46}},"4":{"start":{"line":12,"column":26},"end":{"line":18,"column":1}},"5":{"start":{"line":20,"column":27},"end":{"line":46,"column":1}},"6":{"start":{"line":23,"column":2},"end":{"line":29,"column":3}},"7":{"start":{"line":24,"column":4},"end":{"line":24,"column":21}},"8":{"start":{"line":25,"column":9},"end":{"line":29,"column":3}},"9":{"start":{"line":26,"column":4},"end":{"line":26,"column":89}},"10":{"start":{"line":28,"column":4},"end":{"line":28,"column":110}},"11":{"start":{"line":32,"column":2},"end":{"line":40,"column":3}},"12":{"start":{"line":33,"column":4},"end":{"line":39,"column":7}},"13":{"start":{"line":45,"column":2},"end":{"line":45,"column":18}},"14":{"start":{"line":48,"column":37},"end":{"line":50,"column":1}},"15":{"start":{"line":49,"column":2},"end":{"line":49,"column":60}},"16":{"start":{"line":52,"column":31},"end":{"line":54,"column":1}},"17":{"start":{"line":53,"column":2},"end":{"line":53,"column":54}},"18":{"start":{"line":56,"column":33},"end":{"line":58,"column":1}},"19":{"start":{"line":57,"column":2},"end":{"line":57,"column":56}}},"fnMap":{"0":{"name":"(anonymous_0)","decl":{"start":{"line":4,"column":2},"end":{"line":4,"column":3}},"loc":{"start":{"line":4,"column":51},"end":{"line":9,"column":3}},"line":4},"1":{"name":"(anonymous_1)","decl":{"start":{"line":20,"column":27},"end":{"line":20,"column":28}},"loc":{"start":{"line":20,"column":52},"end":{"line":46,"column":1}},"line":20},"2":{"name":"(anonymous_2)","decl":{"start":{"line":48,"column":37},"end":{"line":48,"column":38}},"loc":{"start":{"line":48,"column":50},"end":{"line":50,"column":1}},"line":48},"3":{"name":"(anonymous_3)","decl":{"start":{"line":52,"column":31},"end":{"line":52,"column":32}},"loc":{"start":{"line":52,"column":44},"end":{"line":54,"column":1}},"line":52},"4":{"name":"(anonymous_4)","decl":{"start":{"line":56,"column":33},"end":{"line":56,"column":34}},"loc":{"start":{"line":56,"column":46},"end":{"line":58,"column":1}},"line":56}},"branchMap":{"0":{"loc":{"start":{"line":4,"column":29},"end":{"line":4,"column":49}},"type":"default-arg","locations":[{"start":{"line":4,"column":45},"end":{"line":4,"column":49}}],"line":4},"1":{"loc":{"start":{"line":20,"column":35},"end":{"line":20,"column":47}},"type":"default-arg","locations":[{"start":{"line":20,"column":45},"end":{"line":20,"column":47}}],"line":20},"2":{"loc":{"start":{"line":23,"column":2},"end":{"line":29,"column":3}},"type":"if","locations":[{"start":{"line":23,"column":2},"end":{"line":29,"column":3}},{"start":{"line":25,"column":9},"end":{"line":29,"column":3}}],"line":23},"3":{"loc":{"start":{"line":25,"column":9},"end":{"line":29,"column":3}},"type":"if","locations":[{"start":{"line":25,"column":9},"end":{"line":29,"column":3}},{"start":{"line":27,"column":9},"end":{"line":29,"column":3}}],"line":25},"4":{"loc":{"start":{"line":25,"column":13},"end":{"line":25,"column":63}},"type":"binary-expr","locations":[{"start":{"line":25,"column":13},"end":{"line":25,"column":26}},{"start":{"line":25,"column":30},"end":{"line":25,"column":63}}],"line":25},"5":{"loc":{"start":{"line":28,"column":54},"end":{"line":28,"column":101}},"type":"binary-expr","locations":[{"start":{"line":28,"column":54},"end":{"line":28,"column":67}},{"start":{"line":28,"column":71},"end":{"line":28,"column":101}}],"line":28},"6":{"loc":{"start":{"line":32,"column":2},"end":{"line":40,"column":3}},"type":"if","locations":[{"start":{"line":32,"column":2},"end":{"line":40,"column":3}},{"start":{},"end":{}}],"line":32}},"s":{"0":0,"1":0,"2":0,"3":0,"4":0,"5":0,"6":0,"7":0,"8":0,"9":0,"10":0,"11":0,"12":0,"13":0,"14":0,"15":0,"16":0,"17":0,"18":0,"19":0},"f":{"0":0,"1":0,"2":0,"3":0,"4":0},"b":{"0":[0],"1":[0],"2":[0,0],"3":[0,0],"4":[0,0],"5":[0,0],"6":[0,0]}}
,"/Volumes/D/AI/salesforce-quiz-app/src/utils/storage.js": {"path":"/Volumes/D/AI/salesforce-quiz-app/src/utils/storage.js","statementMap":{"0":{"start":{"line":5,"column":21},"end":{"line":10,"column":1}},"1":{"start":{"line":14,"column":4},"end":{"line":19,"column":5}},"2":{"start":{"line":15,"column":18},"end":{"line":15,"column":44}},"3":{"start":{"line":16,"column":6},"end":{"line":16,"column":64}},"4":{"start":{"line":18,"column":6},"end":{"line":18,"column":58}},"5":{"start":{"line":23,"column":4},"end":{"line":30,"column":5}},"6":{"start":{"line":24,"column":18},"end":{"line":24,"column":44}},"7":{"start":{"line":25,"column":23},"end":{"line":25,"column":54}},"8":{"start":{"line":26,"column":6},"end":{"line":26,"column":52}},"9":{"start":{"line":28,"column":6},"end":{"line":28,"column":57}},"10":{"start":{"line":29,"column":6},"end":{"line":29,"column":18}},"11":{"start":{"line":34,"column":4},"end":{"line":39,"column":5}},"12":{"start":{"line":35,"column":18},"end":{"line":35,"column":47}},"13":{"start":{"line":36,"column":6},"end":{"line":36,"column":67}},"14":{"start":{"line":38,"column":6},"end":{"line":38,"column":61}},"15":{"start":{"line":43,"column":4},"end":{"line":50,"column":5}},"16":{"start":{"line":44,"column":18},"end":{"line":44,"column":47}},"17":{"start":{"line":45,"column":26},"end":{"line":45,"column":57}},"18":{"start":{"line":46,"column":6},"end":{"line":46,"column":58}},"19":{"start":{"line":48,"column":6},"end":{"line":48,"column":60}},"20":{"start":{"line":49,"column":6},"end":{"line":49,"column":18}},"21":{"start":{"line":54,"column":4},"end":{"line":65,"column":5}},"22":{"start":{"line":55,"column":18},"end":{"line":55,"column":47}},"23":{"start":{"line":56,"column":24},"end":{"line":56,"column":44}},"24":{"start":{"line":57,"column":24},"end":{"line":60,"column":7}},"25":{"start":{"line":61,"column":6},"end":{"line":61,"column":65}},"26":{"start":{"line":62,"column":6},"end":{"line":62,"column":79}},"27":{"start":{"line":64,"column":6},"end":{"line":64,"column":55}},"28":{"start":{"line":69,"column":4},"end":{"line":88,"column":5}},"29":{"start":{"line":70,"column":18},"end":{"line":70,"column":47}},"30":{"start":{"line":71,"column":25},"end":{"line":71,"column":56}},"31":{"start":{"line":73,"column":6},"end":{"line":73,"column":35}},"32":{"start":{"line":73,"column":23},"end":{"line":73,"column":35}},"33":{"start":{"line":75,"column":34},"end":{"line":75,"column":56}},"34":{"start":{"line":76,"column":18},"end":{"line":76,"column":38}},"35":{"start":{"line":79,"column":6},"end":{"line":82,"column":7}},"36":{"start":{"line":80,"column":8},"end":{"line":80,"column":43}},"37":{"start":{"line":81,"column":8},"end":{"line":81,"column":20}},"38":{"start":{"line":84,"column":6},"end":{"line":84,"column":18}},"39":{"start":{"line":86,"column":6},"end":{"line":86,"column":59}},"40":{"start":{"line":87,"column":6},"end":{"line":87,"column":18}},"41":{"start":{"line":92,"column":4},"end":{"line":96,"column":5}},"42":{"start":{"line":93,"column":6},"end":{"line":93,"column":33}},"43":{"start":{"line":95,"column":6},"end":{"line":95,"column":50}}},"fnMap":{"0":{"name":"(anonymous_0)","decl":{"start":{"line":13,"column":2},"end":{"line":13,"column":3}},"loc":{"start":{"line":13,"column":42},"end":{"line":20,"column":3}},"line":13},"1":{"name":"(anonymous_1)","decl":{"start":{"line":22,"column":2},"end":{"line":22,"column":3}},"loc":{"start":{"line":22,"column":33},"end":{"line":31,"column":3}},"line":22},"2":{"name":"(anonymous_2)","decl":{"start":{"line":33,"column":2},"end":{"line":33,"column":3}},"loc":{"start":{"line":33,"column":48},"end":{"line":40,"column":3}},"line":33},"3":{"name":"(anonymous_3)","decl":{"start":{"line":42,"column":2},"end":{"line":42,"column":3}},"loc":{"start":{"line":42,"column":36},"end":{"line":51,"column":3}},"line":42},"4":{"name":"(anonymous_4)","decl":{"start":{"line":53,"column":2},"end":{"line":53,"column":3}},"loc":{"start":{"line":53,"column":35},"end":{"line":66,"column":3}},"line":53},"5":{"name":"(anonymous_5)","decl":{"start":{"line":68,"column":2},"end":{"line":68,"column":3}},"loc":{"start":{"line":68,"column":35},"end":{"line":89,"column":3}},"line":68},"6":{"name":"(anonymous_6)","decl":{"start":{"line":91,"column":2},"end":{"line":91,"column":3}},"loc":{"start":{"line":91,"column":26},"end":{"line":97,"column":3}},"line":91}},"branchMap":{"0":{"loc":{"start":{"line":26,"column":13},"end":{"line":26,"column":51}},"type":"cond-expr","locations":[{"start":{"line":26,"column":24},"end":{"line":26,"column":44}},{"start":{"line":26,"column":47},"end":{"line":26,"column":51}}],"line":26},"1":{"loc":{"start":{"line":46,"column":13},"end":{"line":46,"column":57}},"type":"cond-expr","locations":[{"start":{"line":46,"column":27},"end":{"line":46,"column":50}},{"start":{"line":46,"column":53},"end":{"line":46,"column":57}}],"line":46},"2":{"loc":{"start":{"line":73,"column":6},"end":{"line":73,"column":35}},"type":"if","locations":[{"start":{"line":73,"column":6},"end":{"line":73,"column":35}},{"start":{},"end":{}}],"line":73},"3":{"loc":{"start":{"line":79,"column":6},"end":{"line":82,"column":7}},"type":"if","locations":[{"start":{"line":79,"column":6},"end":{"line":82,"column":7}},{"start":{},"end":{}}],"line":79}},"s":{"0":0,"1":0,"2":0,"3":0,"4":0,"5":0,"6":0,"7":0,"8":0,"9":0,"10":0,"11":0,"12":0,"13":0,"14":0,"15":0,"16":0,"17":0,"18":0,"19":0,"20":0,"21":0,"22":0,"23":0,"24":0,"25":0,"26":0,"27":0,"28":0,"29":0,"30":0,"31":0,"32":0,"33":0,"34":0,"35":0,"36":0,"37":0,"38":0,"39":0,"40":0,"41":0,"42":0,"43":0},"f":{"0":0,"1":0,"2":0,"3":0,"4":0,"5":0,"6":0},"b":{"0":[0,0],"1":[0,0],"2":[0,0],"3":[0,0]}}
}
